
> sqb-business-os@0.1.0 dev:company
> npm run dev --workspace @sqb/company-portal


> @sqb/company-portal@0.1.0 dev
> next dev -p 3000

   ▲ Next.js 15.5.15
   - Local:        http://localhost:3000
   - Network:      http://192.168.56.1:3000

 ✓ Starting...
 ✓ Ready in 6.4s
 ○ Compiling /middleware ...
 ✓ Compiled /middleware in 2.8s (115 modules)
 ○ Compiling /api/auth/session ...
 ✓ Compiled /api/auth/session in 3.6s (299 modules)
 GET /api/auth/session 200 in 6784ms
 GET /api/auth/session 200 in 291ms
 GET /api/auth/session 200 in 1631ms
 GET /api/auth/session 200 in 430ms
 GET /api/auth/session 200 in 403ms
 GET /api/auth/session 200 in 380ms
 ○ Compiling /app/inventory ...
 ✓ Compiled /app/inventory in 6.1s (578 modules)
 GET /app/inventory 200 in 9633ms
 ✓ Compiled in 290ms (115 modules)
 ✓ Compiled in 24ms
 ✓ Compiled /api/auth/session in 731ms (437 modules)
 GET /api/auth/session 200 in 1428ms
 GET /api/auth/session 200 in 163ms
 GET /api/auth/session 200 in 168ms
 GET /api/auth/session 200 in 153ms
 GET /api/auth/session 200 in 236ms
 GET /api/auth/session 200 in 162ms
 GET /api/auth/session 200 in 211ms
 GET /api/auth/session 200 in 138ms
 ✓ Compiled in 748ms (437 modules)
 ✓ Compiled in 105ms (115 modules)
 GET /api/auth/session 200 in 1027ms
 ○ Compiling /app/inventory ...
 ✓ Compiled /app/inventory in 1020ms (564 modules)
 GET /app/inventory 200 in 2872ms
 ✓ Compiled in 331ms (115 modules)
 ○ Compiling /api/auth/session ...
 ✓ Compiled /api/auth/session in 1045ms (679 modules)
 GET /api/auth/session 200 in 1663ms
 GET /api/auth/session 200 in 172ms
 GET /api/auth/session 200 in 175ms
 GET /api/auth/session 200 in 138ms
 ✓ Compiled in 71ms
 ✓ Compiled in 300ms (333 modules)
 ✓ Compiled in 103ms (115 modules)
 ○ Compiling /api/inventory/summary ...
 ✓ Compiled /api/inventory/summary in 742ms (320 modules)
 GET /api/inventory/summary 401 in 979ms
 ✓ Compiled /api/auth/session in 117ms (106 modules)
 GET /api/auth/session 200 in 1973ms
 GET /api/auth/session 200 in 1104ms
 GET /api/inventory/summary 200 in 1818ms
 GET /api/auth/session 200 in 1735ms
 GET /api/auth/session 200 in 420ms
 GET /api/auth/session 200 in 1713ms
 GET /api/inventory/summary 200 in 1927ms
 GET /api/auth/session 200 in 358ms
 GET /api/auth/session 200 in 493ms
 GET /api/inventory/summary 200 in 683ms
 GET /api/auth/session 200 in 356ms
 GET /api/auth/session 200 in 481ms
 GET /api/inventory/summary 200 in 673ms
 GET /api/auth/session 200 in 340ms
 GET /api/auth/session 200 in 300ms
 GET /api/inventory/summary 200 in 495ms
 ✓ Compiled in 453ms (328 modules)
 ✓ Compiled /api/auth/session in 259ms (104 modules)
 GET /api/auth/session 200 in 1457ms
 ✓ Compiled /api/inventory/summary in 181ms (106 modules)
 GET /api/auth/session 200 in 1166ms
 GET /api/inventory/summary 200 in 1295ms
 GET /api/auth/session 200 in 217ms
 GET /api/auth/session 200 in 1681ms
 GET /api/auth/session 200 in 274ms
 ✓ Compiled in 846ms (342 modules)
 GET /api/auth/session 200 in 1009ms
 GET /api/auth/session 200 in 158ms
 GET /api/auth/session 200 in 860ms
 GET /api/inventory/summary 200 in 2032ms
 GET /api/auth/session 200 in 440ms
 GET /api/auth/session 200 in 191ms
 GET /api/inventory/summary 200 in 449ms
 GET /api/auth/session 200 in 393ms
 GET /api/auth/session 200 in 171ms
 GET /api/inventory/summary 200 in 452ms
 GET /api/auth/session 200 in 1095ms
 ✓ Compiled in 456ms (434 modules)
 GET /api/auth/session 200 in 252ms
 GET /api/inventory/summary 200 in 1149ms
 GET /api/auth/session 200 in 1145ms
 GET /api/auth/session 200 in 204ms
 GET /api/inventory/summary 200 in 383ms
 ✓ Compiled /api/inventory/items in 448ms (321 modules)
 POST /api/inventory/items 401 in 629ms
 GET /api/auth/session 200 in 1190ms
 GET /api/auth/session 200 in 1580ms
 GET /api/inventory/summary 200 in 1600ms
 GET /api/auth/session 200 in 1661ms
 GET /api/auth/session 200 in 360ms
 GET /api/auth/session 200 in 494ms
 GET /api/auth/session 200 in 371ms
 GET /api/auth/session 200 in 1766ms
 GET /api/auth/session 200 in 1534ms
 GET /api/auth/session 200 in 296ms
 GET /api/auth/session 200 in 346ms
 ○ Compiling /api/tenants/me ...
 ✓ Compiled /api/tenants/me in 691ms (319 modules)
 GET /api/tenants/me 200 in 1138ms
 GET /api/auth/session 200 in 369ms
 ✓ Compiled in 349ms (434 modules)
 ○ Compiling /api/service-orders/overview ...
 ✓ Compiled /api/service-orders/overview in 991ms (319 modules)
 GET /api/finance/overview 401 in 1180ms
 GET /api/service-orders/overview 401 in 983ms
 GET /api/production/overview 401 in 1239ms
 ✓ Compiled /api/auth/session in 248ms (110 modules)
 GET /api/auth/session 200 in 1576ms
 GET /api/auth/session 200 in 161ms
 ✓ Compiled /api/inventory/summary in 426ms (112 modules)
 GET /api/auth/session 200 in 1380ms
 GET /api/inventory/summary 200 in 2257ms
 GET /api/production/overview 200 in 1480ms
 GET /api/auth/session 200 in 2688ms
 GET /api/auth/session 200 in 245ms
 GET /api/inventory/summary 200 in 519ms
 GET /api/auth/session 200 in 235ms
 GET /api/production/overview 200 in 519ms
 GET /api/auth/session 200 in 240ms
 GET /api/service-orders/overview 200 in 557ms
 GET /api/auth/session 200 in 874ms
 GET /api/finance/overview 200 in 1023ms
 GET /api/auth/session 200 in 216ms
 GET /api/service-orders/overview 200 in 315ms
 GET /api/auth/session 200 in 261ms
 GET /api/production/overview 200 in 319ms
 GET /api/auth/session 200 in 229ms
 GET /api/finance/overview 200 in 556ms
 GET /api/auth/session 200 in 368ms
 GET /api/auth/session 200 in 280ms
 GET /api/auth/session 200 in 276ms
 GET /api/auth/session 200 in 878ms
 GET /api/finance/overview 200 in 3493ms
 GET /api/auth/session 200 in 270ms
 GET /api/auth/session 200 in 1598ms
 GET /api/inventory/summary 200 in 2063ms
 GET /api/auth/session 200 in 1558ms
 GET /api/auth/session 200 in 1613ms
 GET /api/inventory/summary 200 in 1844ms
 GET /api/auth/session 200 in 2244ms
 GET /api/auth/session 200 in 1656ms
 GET /api/inventory/summary 200 in 2275ms
 GET /api/inventory/summary 200 in 2465ms
 GET /api/auth/session 200 in 1847ms
 GET /api/production/overview 200 in 2515ms
 GET /api/inventory/summary 200 in 1947ms
 GET /api/auth/session 200 in 362ms
 GET /api/inventory/summary 200 in 474ms
 GET /api/auth/session 200 in 465ms
 GET /api/production/overview 200 in 652ms
 GET /api/inventory/summary 200 in 527ms
 GET /api/auth/session 200 in 341ms
 GET /api/inventory/summary 200 in 512ms
 GET /api/inventory/summary 200 in 2210ms
 GET /api/auth/session 200 in 388ms
 GET /api/production/overview 200 in 565ms
 GET /api/inventory/summary 200 in 611ms
 GET /api/auth/session 200 in 1567ms
 GET /api/inventory/summary 200 in 1966ms
 GET /api/inventory/summary 200 in 574ms
 GET /api/auth/session 200 in 1694ms
 GET /api/auth/session 200 in 1806ms
 GET /api/inventory/summary 200 in 504ms
 GET /api/production/overview 200 in 3400ms
 GET /api/inventory/summary 200 in 3092ms
 GET /api/auth/session 200 in 1116ms
 GET /api/auth/session 200 in 1088ms
 GET /api/inventory/summary 200 in 368ms
 GET /api/production/overview 200 in 2597ms
 GET /api/inventory/summary 200 in 2030ms
 GET /api/auth/session 200 in 242ms
 GET /api/production/overview 200 in 422ms
 GET /api/inventory/summary 200 in 452ms
 GET /api/auth/session 200 in 401ms
 GET /api/auth/session 200 in 187ms
 GET /api/production/overview 200 in 484ms
 GET /api/inventory/summary 200 in 461ms
 GET /api/finance/overview 200 in 1296ms
 GET /api/auth/session 200 in 321ms
 GET /api/inventory/summary 200 in 486ms
 GET /api/inventory/summary 200 in 451ms
 GET /api/finance/overview 200 in 676ms
 GET /api/production/overview 200 in 1845ms
 GET /api/auth/session 200 in 1895ms
 GET /api/auth/session 200 in 950ms
 GET /api/inventory/summary 200 in 1052ms
 GET /api/inventory/summary 200 in 522ms
 GET /api/finance/overview 200 in 2483ms
 GET /api/auth/session 200 in 1140ms
 GET /api/production/overview 200 in 1867ms
 GET /api/inventory/summary 200 in 1057ms
 GET /api/finance/overview 200 in 1242ms
 GET /api/auth/session 200 in 259ms
 GET /api/service-orders/overview 200 in 350ms
 GET /api/inventory/summary 200 in 361ms
 GET /api/finance/overview 200 in 480ms
 ✓ Compiled in 1139ms (440 modules)
 ○ Compiling /api/auth/logout ...
 ✓ Compiled /api/auth/logout in 784ms (327 modules)
 POST /api/auth/logout 200 in 1931ms
 GET /api/auth/session 401 in 93ms
 ○ Compiling /api/auth/login/password ...
 ✓ Compiled /api/auth/login/password in 713ms (329 modules)
 POST /api/auth/login/password 200 in 1892ms
 GET /api/auth/session 401 in 107ms
 ○ Compiling /api/auth/otp/verify ...
 ✓ Compiled /api/auth/otp/verify in 729ms (331 modules)
 POST /api/auth/otp/verify 200 in 1885ms
 GET /api/auth/session 200 in 105ms
 ○ Compiling /_not-found ...
 ✓ Compiled /_not-found in 4.4s (559 modules)
 GET /api/auth/session 200 in 4296ms
 GET /api/bank/portfolio/alerts 404 in 7570ms
 GET /api/bank/portfolio/analytics 404 in 7557ms
 GET /api/bank/credit-queue 404 in 7555ms
 GET /api/bank/credit-queue 404 in 819ms
 GET /api/bank/portfolio/alerts 404 in 833ms
 GET /api/bank/portfolio/analytics 404 in 837ms
 GET /api/auth/session 200 in 125ms
 GET /api/bank/credit-queue 404 in 454ms
 GET /api/bank/portfolio/analytics 404 in 461ms
 GET /api/bank/portfolio/alerts 404 in 479ms
 GET /api/auth/session 200 in 151ms
 GET /api/bank/portfolio/analytics 404 in 442ms
 GET /api/bank/credit-queue 404 in 437ms
 GET /api/bank/portfolio/alerts 404 in 453ms
 GET /api/auth/session 200 in 77ms
 GET /api/bank/portfolio/alerts 404 in 372ms
 GET /api/bank/credit-queue 404 in 365ms
 GET /api/bank/portfolio/analytics 404 in 370ms
 GET /api/finance/overview 403 in 403ms
 GET /api/auth/session 200 in 404ms
 GET /api/bank/portfolio/alerts 404 in 616ms
 GET /api/bank/portfolio/analytics 404 in 609ms
 GET /api/bank/credit-queue 404 in 605ms
 ○ Compiling /api/auth/staff ...
 ✓ Compiled /api/auth/staff in 1523ms (555 modules)
 GET /api/auth/staff 403 in 1793ms
 GET /api/auth/session 200 in 1800ms
 GET /api/bank/portfolio/alerts 404 in 897ms
 GET /api/bank/portfolio/analytics 404 in 895ms
 GET /api/bank/credit-queue 404 in 893ms
 ○ Compiling /api/auth/security ...
 ✓ Compiled /api/auth/security in 1177ms (557 modules)
 GET /api/auth/security 401 in 1421ms
 GET /api/auth/session 200 in 1383ms
 GET /api/bank/portfolio/alerts 404 in 826ms
 GET /api/bank/credit-queue 404 in 815ms
 GET /api/bank/portfolio/analytics 404 in 823ms
 ○ Compiling /api/audit/events ...
 ✓ Compiled /api/audit/events in 1361ms (559 modules)
 GET /api/audit/events 200 in 1621ms
 GET /api/auth/session 200 in 1637ms
 GET /api/bank/portfolio/alerts 404 in 620ms
 GET /api/bank/credit-queue 404 in 604ms
 GET /api/bank/portfolio/analytics 404 in 612ms
 GET /api/auth/staff 403 in 241ms
 GET /api/auth/session 200 in 236ms
 GET /api/bank/portfolio/analytics 404 in 423ms
 GET /api/bank/portfolio/alerts 404 in 435ms
 GET /api/bank/credit-queue 404 in 418ms
 POST /api/auth/logout 200 in 1982ms
 GET /api/auth/session 401 in 146ms
 POST /api/auth/login/password 200 in 1970ms
 GET /api/auth/session 401 in 149ms
 POST /api/auth/otp/verify 200 in 1133ms
 GET /api/auth/session 200 in 75ms
 ○ Compiling /api/finance/overview ...
 ✓ Compiled /api/finance/overview in 552ms (112 modules)
 ✓ Compiled (114 modules)
 GET /api/auth/session 200 in 141ms
 GET /api/inventory/summary 200 in 389ms
 GET /api/inventory/summary 200 in 502ms
 GET /api/inventory/summary 200 in 2621ms
 GET /api/finance/overview 200 in 2686ms
 GET /api/finance/overview 200 in 921ms
 ✓ Compiled /api/production/overview in 396ms (116 modules)
 ✓ Compiled /api/service-orders/overview in 324ms (118 modules)
 GET /api/auth/session 200 in 1613ms
 GET /api/auth/session 200 in 1023ms
 GET /api/production/overview 200 in 1841ms
 GET /api/auth/session 200 in 518ms
 GET /api/service-orders/overview 200 in 1219ms
 GET /api/finance/overview 200 in 843ms
 GET /api/inventory/summary 200 in 323ms
 GET /api/finance/overview 200 in 558ms
 GET /api/auth/session 200 in 140ms
 GET /api/inventory/summary 200 in 314ms
 GET /api/finance/overview 200 in 525ms
 GET /api/auth/session 200 in 227ms
 GET /api/inventory/summary 200 in 451ms
 GET /api/inventory/summary 200 in 371ms
 GET /api/finance/overview 200 in 661ms
 GET /api/auth/session 200 in 255ms
 GET /api/production/overview 200 in 477ms
 GET /api/inventory/summary 200 in 382ms
 GET /api/auth/session 200 in 170ms
 GET /api/finance/overview 200 in 633ms
 GET /api/inventory/summary 200 in 350ms
 GET /api/inventory/summary 200 in 308ms
 GET /api/finance/overview 200 in 529ms
 GET /api/auth/session 200 in 181ms
 GET /api/production/overview 200 in 363ms
 GET /api/inventory/summary 200 in 314ms
 GET /api/finance/overview 429 in 337ms
 GET /api/service-orders/overview 429 in 221ms
 GET /api/auth/session 429 in 282ms
 GET /api/auth/session 401 in 125ms
 POST /api/auth/login/password 200 in 1482ms
 GET /api/auth/session 401 in 149ms
 POST /api/auth/otp/verify 200 in 1072ms
 GET /api/auth/session 200 in 80ms
 GET /api/auth/session 200 in 142ms
 GET /api/inventory/summary 200 in 1538ms
 GET /api/inventory/summary 200 in 333ms
 GET /api/finance/overview 200 in 1798ms
 GET /api/inventory/summary 200 in 467ms
 GET /api/finance/overview 200 in 717ms
 GET /api/auth/session 200 in 256ms
 GET /api/production/overview 200 in 464ms
 GET /api/inventory/summary 200 in 373ms
 GET /api/finance/overview 200 in 614ms
 GET /api/auth/session 200 in 297ms
 GET /api/inventory/summary 200 in 488ms
 GET /api/inventory/summary 200 in 418ms
 GET /api/finance/overview 200 in 636ms
 GET /api/auth/session 200 in 220ms
 GET /api/production/overview 200 in 403ms
 GET /api/inventory/summary 200 in 312ms
 GET /api/finance/overview 200 in 541ms
 GET /api/auth/session 200 in 257ms
 GET /api/inventory/summary 200 in 435ms
 GET /api/inventory/summary 200 in 310ms
 GET /api/finance/overview 200 in 523ms
 GET /api/auth/session 200 in 260ms
 GET /api/production/overview 200 in 449ms
 GET /api/inventory/summary 200 in 347ms
 GET /api/finance/overview 200 in 587ms
 GET /api/auth/session 200 in 225ms
 GET /api/inventory/summary 200 in 1634ms
 GET /api/inventory/summary 200 in 1494ms
 GET /api/finance/overview 200 in 1888ms
 GET /api/auth/session 200 in 142ms
 GET /api/auth/session 200 in 309ms
 GET /api/production/overview 200 in 1682ms
 GET /api/inventory/summary 200 in 1898ms
 GET /api/finance/overview 200 in 1899ms
 GET /api/service-orders/overview 200 in 1576ms
 GET /api/inventory/summary 200 in 1261ms
 GET /api/auth/session 200 in 184ms
 GET /api/finance/overview 200 in 1448ms
 GET /api/finance/overview 200 in 660ms
 GET /api/inventory/summary 200 in 331ms
 GET /api/finance/overview 200 in 521ms
 ✓ Compiled in 751ms (328 modules)
 ✓ Compiled in 206ms (328 modules)
 ✓ Compiled /api/auth/session in 274ms (102 modules)
 ✓ Compiled (106 modules)
 GET /api/auth/session 200 in 3783ms
 ✓ Compiled /api/service-orders/overview in 460ms (108 modules)
 GET /api/service-orders/overview 200 in 1371ms
 GET /api/production/overview 200 in 5245ms
 GET /api/auth/session 200 in 2397ms
 ✓ Compiled /api/finance/overview in 482ms (110 modules)
 ✓ Compiled (112 modules)
 GET /api/finance/overview 200 in 2969ms
 GET /api/inventory/summary 200 in 2988ms
 GET /api/auth/session 200 in 1695ms
 GET /api/finance/overview 200 in 2294ms
 GET /api/inventory/summary 200 in 781ms
 GET /api/finance/overview 200 in 952ms
 GET /api/auth/session 200 in 413ms
 GET /api/service-orders/overview 200 in 706ms
 GET /api/inventory/summary 200 in 656ms
 GET /api/finance/overview 200 in 870ms
 GET /api/auth/session 200 in 507ms
 GET /api/production/overview 200 in 670ms
 GET /api/inventory/summary 200 in 681ms
 GET /api/finance/overview 200 in 860ms
 GET /api/auth/session 200 in 1690ms
 GET /api/inventory/summary 200 in 785ms
 GET /api/inventory/summary 200 in 2647ms
 GET /api/finance/overview 200 in 2178ms
 GET /api/auth/session 200 in 529ms
 GET /api/production/overview 200 in 773ms
 GET /api/inventory/summary 200 in 719ms
 GET /api/finance/overview 200 in 963ms
 GET /api/auth/session 200 in 476ms
 GET /api/inventory/summary 200 in 679ms
 GET /api/inventory/summary 200 in 762ms
 GET /api/auth/session 200 in 462ms
 GET /api/production/overview 200 in 676ms
 GET /api/finance/overview 200 in 1012ms
 GET /api/inventory/summary 200 in 688ms
 GET /api/finance/overview 200 in 947ms
 GET /api/auth/session 200 in 452ms
 GET /api/inventory/summary 200 in 621ms
 GET /api/inventory/summary 200 in 631ms
 GET /api/finance/overview 200 in 821ms
 GET /api/auth/session 200 in 464ms
 GET /api/production/overview 200 in 733ms
 GET /api/inventory/summary 200 in 630ms
 GET /api/finance/overview 200 in 876ms
 GET /api/auth/session 200 in 484ms
 GET /api/inventory/summary 200 in 641ms
 GET /api/inventory/summary 200 in 585ms
 GET /api/auth/session 200 in 442ms
 GET /api/production/overview 200 in 611ms
 GET /api/finance/overview 200 in 867ms
 GET /api/inventory/summary 200 in 594ms
 GET /api/finance/overview 200 in 865ms
 GET /api/auth/session 200 in 405ms
 GET /api/inventory/summary 200 in 672ms
 GET /api/finance/overview 429 in 681ms
 GET /api/inventory/summary 200 in 697ms
 GET /api/production/overview 429 in 255ms
 GET /api/auth/session 429 in 224ms
 GET /api/auth/session 401 in 95ms
 ○ Compiling /api/auth/login/password ...
 ✓ Compiled /api/auth/login/password in 659ms (112 modules)
 POST /api/auth/login/password 200 in 2173ms
 GET /api/auth/session 401 in 80ms
 ✓ Compiled /api/auth/otp/verify in 304ms (114 modules)
 POST /api/auth/otp/verify 200 in 1580ms
 GET /api/auth/session 429 in 102ms
 GET /api/auth/session 401 in 75ms
 POST /api/auth/login/password 200 in 1864ms
 GET /api/auth/session 401 in 149ms
 POST /api/auth/otp/verify 200 in 1642ms
 GET /api/auth/session 200 in 161ms
 GET /api/auth/session 200 in 180ms
 GET /api/inventory/summary 200 in 1610ms
 GET /api/inventory/summary 200 in 396ms
 GET /api/finance/overview 200 in 1917ms
 GET /api/inventory/summary 200 in 329ms
 GET /api/finance/overview 200 in 563ms
 GET /api/auth/session 200 in 347ms
 GET /api/production/overview 200 in 513ms
 GET /api/inventory/summary 200 in 472ms
 GET /api/finance/overview 200 in 676ms
 GET /api/auth/session 200 in 133ms
 GET /api/inventory/summary 200 in 322ms
 GET /api/inventory/summary 200 in 361ms
 GET /api/finance/overview 200 in 562ms
 GET /api/auth/session 200 in 122ms
 GET /api/production/overview 200 in 315ms
 GET /api/inventory/summary 200 in 303ms
 GET /api/finance/overview 200 in 545ms
 GET /api/auth/session 200 in 340ms
 GET /api/inventory/summary 200 in 1137ms
 GET /api/auth/session 200 in 306ms
 GET /api/inventory/summary 200 in 984ms
 GET /api/production/overview 200 in 505ms
 GET /api/inventory/summary 200 in 263ms
 GET /api/finance/overview 200 in 1147ms
 GET /api/finance/overview 200 in 419ms
 GET /api/auth/session 200 in 218ms
 GET /api/inventory/summary 200 in 338ms
 GET /api/inventory/summary 200 in 332ms
 GET /api/finance/overview 200 in 486ms
 GET /api/auth/session 200 in 147ms
 GET /api/production/overview 200 in 246ms
 GET /api/inventory/summary 200 in 293ms
 GET /api/finance/overview 429 in 443ms
 GET /api/inventory/summary 429 in 109ms
 GET /api/auth/session 429 in 154ms
 GET /api/auth/session 401 in 66ms
 GET /api/auth/session 401 in 85ms
 GET /api/auth/session 401 in 50ms
 POST /api/auth/login/password 200 in 2301ms
 GET /api/auth/session 401 in 160ms
 POST /api/auth/otp/verify 200 in 1562ms
 GET /api/auth/session 200 in 74ms
 ○ Compiling /api/bootstrap/summary ...
 ✓ Compiled /api/bootstrap/summary in 819ms (323 modules)
 ✓ Compiled /api/inventory/summary in 279ms (112 modules)
 GET /api/bootstrap/summary 200 in 2707ms
 GET /api/auth/session 200 in 940ms
 GET /api/inventory/summary 200 in 1133ms
 GET /api/bootstrap/summary 200 in 2028ms
 ✓ Compiled /api/production/overview in 361ms (114 modules)
 GET /api/auth/session 200 in 788ms
 GET /api/production/overview 200 in 967ms
 GET /api/bootstrap/summary 200 in 281ms
 ✓ Compiled /api/service-orders/overview in 325ms (116 modules)
 GET /api/auth/session 200 in 899ms
 GET /api/service-orders/overview 200 in 1069ms
 GET /api/bootstrap/summary 200 in 333ms
 GET /api/auth/session 401 in 46ms
 POST /api/auth/login/password 200 in 1012ms
 GET /api/auth/session 401 in 48ms
 POST /api/auth/otp/verify 200 in 725ms
 GET /api/auth/session 200 in 40ms
 GET /api/bootstrap/summary 200 in 1120ms
 GET /api/auth/session 200 in 129ms
 GET /api/inventory/summary 200 in 231ms
 GET /api/bootstrap/summary 200 in 303ms
 GET /api/auth/session 200 in 92ms
 GET /api/production/overview 200 in 173ms
 GET /api/bootstrap/summary 200 in 882ms
 GET /api/auth/session 200 in 74ms
 GET /api/inventory/summary 200 in 165ms
 GET /api/bootstrap/summary 200 in 836ms
 ✓ Compiled /api/auth/session in 419ms (102 modules)
 ✓ Compiled (106 modules)
 GET /api/auth/session 200 in 764ms
 GET /api/auth/session 200 in 56ms
 ✓ Compiled /api/bootstrap/summary in 129ms (108 modules)
 GET /api/finance/overview 200 in 1617ms
 GET /api/bootstrap/summary 200 in 977ms
 GET /api/auth/session 200 in 63ms
 GET /api/bootstrap/summary 200 in 247ms
 GET /api/auth/session 200 in 45ms
 GET /api/bootstrap/summary 200 in 252ms
 GET /api/auth/session 200 in 85ms
 GET /api/finance/overview 200 in 272ms
 GET /api/bootstrap/summary 200 in 276ms
 GET /api/auth/session 200 in 41ms
 GET /api/bootstrap/summary 200 in 224ms
 GET /api/auth/session 200 in 56ms
 ✓ Compiled /api/tenants/me in 150ms (110 modules)
 GET /api/tenants/me 200 in 350ms
 GET /api/bootstrap/summary 200 in 492ms
 GET /api/auth/session 200 in 49ms
 GET /api/bootstrap/summary 200 in 235ms
 ✓ Compiled /api/inventory/summary in 210ms (112 modules)
 GET /api/auth/session 200 in 533ms
 GET /api/inventory/summary 200 in 614ms
 GET /api/bootstrap/summary 200 in 1240ms
 GET /api/auth/session 200 in 75ms
 GET /api/bootstrap/summary 200 in 1013ms
 GET /api/auth/session 200 in 87ms
 GET /api/inventory/summary 200 in 169ms
 GET /api/bootstrap/summary 200 in 983ms
 GET /api/auth/session 200 in 106ms
 GET /api/auth/session 200 in 80ms
 GET /api/inventory/summary 200 in 831ms
 GET /api/bootstrap/summary 200 in 917ms
 ✓ Compiled /api/production/overview in 139ms (110 modules)
 GET /api/auth/session 200 in 306ms
 GET /api/bootstrap/summary 200 in 865ms
 GET /api/production/overview 200 in 1252ms
 GET /api/auth/session 200 in 88ms
 GET /api/inventory/summary 200 in 181ms
 GET /api/bootstrap/summary 200 in 837ms
 GET /api/auth/session 200 in 82ms
 GET /api/production/overview 200 in 788ms
 GET /api/bootstrap/summary 200 in 830ms
 ✓ Compiled /api/service-orders/overview in 168ms (110 modules)
 GET /api/auth/session 200 in 382ms
 GET /api/service-orders/overview 200 in 1077ms
 GET /api/bootstrap/summary 200 in 999ms
 GET /api/auth/session 200 in 91ms
 GET /api/production/overview 200 in 1056ms
 GET /api/bootstrap/summary 200 in 999ms
 GET /api/auth/session 200 in 128ms
 GET /api/service-orders/overview 200 in 216ms
 GET /api/bootstrap/summary 200 in 358ms
 GET /api/auth/session 200 in 103ms
 GET /api/production/overview 200 in 185ms
 GET /api/bootstrap/summary 200 in 262ms
 GET /api/auth/session 200 in 86ms
 GET /api/service-orders/overview 200 in 171ms
 GET /api/bootstrap/summary 200 in 309ms
 GET /api/auth/session 200 in 70ms
 GET /api/production/overview 200 in 154ms
 GET /api/bootstrap/summary 200 in 222ms
 GET /api/auth/session 200 in 74ms
 GET /api/service-orders/overview 200 in 160ms
 GET /api/bootstrap/summary 200 in 239ms
 GET /api/auth/session 200 in 68ms
 GET /api/production/overview 200 in 159ms
 GET /api/bootstrap/summary 200 in 239ms
 GET /api/auth/session 200 in 87ms
 GET /api/service-orders/overview 200 in 180ms
 GET /api/bootstrap/summary 200 in 317ms
 GET /api/auth/session 200 in 88ms
 GET /api/production/overview 200 in 182ms
 GET /api/bootstrap/summary 200 in 237ms
 GET /api/auth/session 200 in 103ms
 GET /api/service-orders/overview 200 in 188ms
 GET /api/bootstrap/summary 200 in 242ms
 GET /api/auth/session 200 in 90ms
 GET /api/production/overview 200 in 182ms
 GET /api/bootstrap/summary 200 in 244ms
TypeError: fetch failed
    at async GET (app\api\service-orders\overview\route.ts:24:47)
  22 |   }
  23 |
> 24 |   const [ordersResponse, approvalsResponse] = await Promise.all([
     |                                               ^
  25 |     fetch(`${platformApiUrl()}/service-orders`, {
  26 |       headers: { "x-session-token": sessionToken },
  27 |       cache: "no-store" {
  [cause]: [Error: read ECONNRESET] {
    errno: -4077,
    code: 'ECONNRESET',
    syscall: 'read'
  }
}
 GET /api/service-orders/overview 500 in 1162ms
TypeError: fetch failed
    at async platformRequest (..\..\packages\api-client\src\auth-gateway.ts:60:20)
    at async GET (app\api\auth\session\route.ts:21:18)
  58 |   }
  59 |
> 60 |   const response = await fetch(`${platformApiUrl()}${path}`, {
     |                    ^
  61 |     ...init,
  62 |     headers,
  63 |     cache: "no-store" {
  [cause]: [Error: read ECONNRESET] {
    errno: -4077,
    code: 'ECONNRESET',
    syscall: 'read'
  }
}
 GET /api/auth/session 500 in 1340ms
TypeError: fetch failed
    at async platformRequest (..\..\packages\api-client\src\auth-gateway.ts:60:20)
    at async GET (app\api\auth\session\route.ts:21:18)
  58 |   }
  59 |
> 60 |   const response = await fetch(`${platformApiUrl()}${path}`, {
     |                    ^
  61 |     ...init,
  62 |     headers,
  63 |     cache: "no-store" {
  [cause]: [AggregateError: ] { code: 'ECONNREFUSED' }
}
 GET /api/auth/session 500 in 316ms
 ✓ Compiled in 416ms (434 modules)
 ✓ Compiled in 229ms (434 modules)
 ✓ Compiled /api/auth/login/password in 249ms (108 modules)
 POST /api/auth/login/password 200 in 1371ms
 GET /api/auth/session 200 in 904ms
 ✓ Compiled /api/bootstrap/summary in 117ms (110 modules)
 GET /api/auth/session 200 in 452ms
 GET /api/bootstrap/summary 200 in 1150ms
 GET /api/bootstrap/summary 200 in 936ms
 ✓ Compiled /api/production/overview in 187ms (112 modules)
 GET /api/auth/session 200 in 588ms
 GET /api/production/overview 200 in 680ms
 GET /api/bootstrap/summary 200 in 385ms
 GET /api/auth/session 200 in 217ms
 GET /api/service-orders/overview 200 in 312ms
 GET /api/bootstrap/summary 200 in 342ms
 ✓ Compiled /api/finance/overview in 189ms (114 modules)
 GET /api/auth/session 200 in 1173ms
 GET /api/finance/overview 200 in 1489ms
 GET /api/bootstrap/summary 200 in 337ms
 GET /api/auth/session 200 in 1394ms
 GET /api/bootstrap/summary 200 in 1635ms
 ✓ Compiled in 141ms (213 modules)
 ✓ Compiled in 181ms (328 modules)
 ✓ Compiled /api/auth/logout in 409ms (104 modules)
 POST /api/auth/logout 200 in 1438ms
 ✓ Compiled /api/auth/session in 124ms (106 modules)
 GET /api/auth/session 401 in 244ms
 ✓ Compiled /api/auth/login/password in 98ms (108 modules)
 POST /api/auth/login/password 401 in 330ms
 GET /api/auth/session 401 in 61ms
 ✓ Compiled in 327ms (328 modules)
 ✓ Compiled /api/auth/login/password in 194ms (104 modules)
 POST /api/auth/login/password 200 in 1210ms
 ✓ Compiled /api/auth/session in 69ms (106 modules)
 GET /api/auth/session 401 in 153ms
 ✓ Compiled /api/auth/otp/verify in 252ms (108 modules)
 POST /api/auth/otp/verify 200 in 952ms
 GET /api/auth/session 200 in 45ms
 ✓ Compiled /api/bootstrap/summary in 209ms (110 modules)
 GET /api/bootstrap/summary 200 in 1260ms
 ✓ Compiled /api/inventory/summary in 268ms (112 modules)
 GET /api/auth/session 200 in 479ms
 GET /api/inventory/summary 200 in 578ms
 GET /api/bootstrap/summary 200 in 856ms
 GET /api/auth/session 200 in 45ms
 GET /api/bootstrap/summary 200 in 862ms
 GET /api/auth/session 200 in 87ms
 GET /api/inventory/summary 200 in 181ms
 GET /api/bootstrap/summary 200 in 829ms
 GET /api/auth/session 200 in 53ms
 GET /api/bootstrap/summary 200 in 244ms
 GET /api/auth/session 200 in 74ms
 GET /api/inventory/summary 200 in 172ms
 GET /api/bootstrap/summary 200 in 243ms
 ✓ Compiled /api/service-orders/overview in 299ms (114 modules)
 GET /api/auth/session 200 in 547ms
 GET /api/service-orders/overview 200 in 1239ms
 GET /api/bootstrap/summary 200 in 966ms
 ✓ Compiled /api/production/overview in 169ms (116 modules)
 GET /api/auth/session 200 in 413ms
 GET /api/production/overview 200 in 499ms
 GET /api/bootstrap/summary 200 in 841ms
 GET /api/auth/session 200 in 90ms
 GET /api/inventory/summary 200 in 173ms
 GET /api/bootstrap/summary 200 in 822ms
 GET /api/auth/session 200 in 130ms
 GET /api/service-orders/overview 200 in 800ms
 GET /api/bootstrap/summary 200 in 987ms
 GET /api/auth/session 200 in 43ms
 GET /api/auth/session 200 in 84ms
 GET /api/service-orders/overview 200 in 159ms
 GET /api/bootstrap/summary 200 in 300ms
 GET /api/auth/session 200 in 88ms
 GET /api/production/overview 200 in 175ms
 GET /api/bootstrap/summary 200 in 1081ms
 GET /api/auth/session 200 in 99ms
 GET /api/service-orders/overview 200 in 798ms
 GET /api/bootstrap/summary 200 in 999ms
 GET /api/auth/session 200 in 103ms
 GET /api/production/overview 200 in 182ms
 GET /api/auth/session 200 in 86ms
 GET /api/service-orders/overview 200 in 172ms
 GET /api/bootstrap/summary 200 in 852ms
 GET /api/bootstrap/summary 200 in 253ms
 ✓ Compiled /api/finance/overview in 332ms (112 modules)
 GET /api/auth/session 200 in 618ms
 GET /api/finance/overview 200 in 1319ms
 GET /api/bootstrap/summary 200 in 770ms
 GET /api/auth/session 200 in 97ms
 GET /api/service-orders/overview 200 in 189ms
 GET /api/bootstrap/summary 200 in 246ms
 GET /api/auth/session 200 in 85ms
 GET /api/production/overview 200 in 172ms
 GET /api/bootstrap/summary 200 in 243ms
 GET /api/auth/session 200 in 91ms
 GET /api/service-orders/overview 200 in 186ms
 GET /api/bootstrap/summary 200 in 248ms
 GET /api/auth/session 200 in 75ms
 GET /api/production/overview 200 in 163ms
 GET /api/bootstrap/summary 200 in 245ms
 GET /api/auth/session 200 in 94ms
 GET /api/service-orders/overview 200 in 183ms
 GET /api/bootstrap/summary 200 in 244ms
 GET /api/auth/session 200 in 74ms
 GET /api/production/overview 200 in 164ms
 GET /api/bootstrap/summary 200 in 238ms
 ✓ Compiled /api/inventory/summary in 165ms (114 modules)
 GET /api/auth/session 200 in 433ms
 GET /api/inventory/summary 200 in 525ms
 GET /api/bootstrap/summary 200 in 849ms
 GET /api/auth/session 200 in 81ms
 GET /api/finance/overview 200 in 284ms
 GET /api/bootstrap/summary 200 in 743ms
 GET /api/auth/session 200 in 96ms
 GET /api/service-orders/overview 200 in 186ms
 GET /api/bootstrap/summary 200 in 234ms
 GET /api/auth/session 200 in 87ms
 GET /api/finance/overview 200 in 288ms
 GET /api/bootstrap/summary 200 in 282ms
 GET /api/auth/session 200 in 39ms
 GET /api/bootstrap/summary 200 in 248ms
 ✓ Compiled in 434ms (442 modules)
 GET /api/auth/session 200 in 90ms
 GET /api/bootstrap/summary 200 in 244ms
 GET /api/auth/session 200 in 97ms
 GET /api/service-orders/overview 200 in 185ms
 GET /api/bootstrap/summary 200 in 875ms
 GET /api/auth/session 200 in 125ms
 GET /api/production/overview 200 in 806ms
 GET /api/bootstrap/summary 429 in 769ms
 GET /api/auth/session 200 in 134ms
 GET /api/auth/session 200 in 50ms
 GET /api/finance/overview 200 in 963ms
 GET /api/bootstrap/summary 200 in 908ms
 GET /api/bootstrap/summary 200 in 432ms
 GET /api/auth/session 200 in 74ms
 GET /api/bootstrap/summary 200 in 270ms
 GET /api/auth/session 200 in 53ms
 GET /api/bootstrap/summary 200 in 223ms
 GET /api/auth/session 200 in 75ms
 GET /api/finance/overview 200 in 267ms
 GET /api/bootstrap/summary 200 in 282ms
 GET /api/auth/session 200 in 53ms
 GET /api/bootstrap/summary 200 in 236ms
 GET /api/auth/session 200 in 127ms
 GET /api/auth/session 200 in 42ms
 GET /api/finance/overview 200 in 919ms
 GET /api/bootstrap/summary 200 in 844ms
 GET /api/bootstrap/summary 200 in 386ms
 GET /api/auth/session 200 in 58ms
 GET /api/bootstrap/summary 200 in 265ms
 GET /api/auth/session 200 in 105ms
 GET /api/finance/overview 200 in 304ms
 GET /api/bootstrap/summary 200 in 277ms
 GET /api/auth/session 200 in 86ms
 GET /api/finance/overview 200 in 270ms
 GET /api/bootstrap/summary 200 in 269ms
 GET /api/auth/session 200 in 46ms
 GET /api/bootstrap/summary 200 in 227ms
 GET /api/auth/session 200 in 45ms
 GET /api/bootstrap/summary 200 in 246ms
 GET /api/auth/session 200 in 57ms
 GET /api/bootstrap/summary 200 in 1004ms
 GET /api/auth/session 200 in 52ms
 GET /api/bootstrap/summary 200 in 876ms
 GET /api/auth/session 200 in 52ms
 GET /api/bootstrap/summary 200 in 243ms
 GET /api/auth/session 200 in 59ms
 GET /api/bootstrap/summary 200 in 1066ms
 GET /api/auth/session 200 in 88ms
 GET /api/bootstrap/summary 200 in 818ms
 GET /api/auth/session 200 in 122ms
 GET /api/bootstrap/summary 200 in 744ms
 GET /api/finance/overview 200 in 1075ms
 GET /api/auth/session 200 in 106ms
 GET /api/bootstrap/summary 200 in 894ms
 GET /api/finance/overview 200 in 1059ms
 GET /api/auth/session 200 in 54ms
 GET /api/bootstrap/summary 200 in 844ms
 GET /api/auth/session 200 in 60ms
 GET /api/bootstrap/summary 200 in 1099ms
 GET /api/auth/session 200 in 62ms
 GET /api/bootstrap/summary 200 in 1152ms
 GET /api/auth/session 200 in 117ms
 GET /api/auth/session 200 in 47ms
 GET /api/bootstrap/summary 200 in 472ms
 GET /api/inventory/summary 200 in 598ms
 GET /api/auth/session 200 in 76ms
 GET /api/inventory/summary 200 in 157ms
 GET /api/bootstrap/summary 200 in 250ms
 GET /api/auth/session 200 in 89ms
 GET /api/inventory/summary 200 in 171ms
 GET /api/bootstrap/summary 200 in 296ms
 ○ Compiling /api/inventory/movements ...
 ✓ Compiled /api/inventory/movements in 585ms (323 modules)
 GET /api/inventory/movements?itemId=00000000-0000-0000-0000-000000002210 200 in 814ms
 ✓ Compiled /api/production/overview in 142ms (112 modules)
 GET /api/auth/session 200 in 386ms
 GET /api/production/overview 200 in 1071ms
 GET /api/bootstrap/summary 200 in 833ms
 ✓ Compiled /api/service-orders/overview in 158ms (114 modules)
 GET /api/auth/session 200 in 377ms
 GET /api/service-orders/overview 200 in 482ms
 GET /api/bootstrap/summary 200 in 283ms
 GET /api/auth/session 200 in 83ms
 GET /api/inventory/summary 200 in 163ms
 GET /api/bootstrap/summary 200 in 867ms
 GET /api/auth/session 200 in 93ms
 GET /api/inventory/summary 200 in 180ms
 GET /api/inventory/movements?itemId=00000000-0000-0000-0000-000000002210 200 in 152ms
 GET /api/bootstrap/summary 200 in 250ms
 GET /api/auth/session 200 in 75ms
 GET /api/production/overview 200 in 173ms
 GET /api/bootstrap/summary 200 in 229ms
 GET /api/auth/session 200 in 96ms
 GET /api/service-orders/overview 200 in 180ms
 GET /api/bootstrap/summary 200 in 240ms
 ✓ Compiled /api/finance/overview in 365ms (116 modules)
 GET /api/auth/session 200 in 771ms
 GET /api/auth/session 200 in 148ms
 GET /api/finance/overview 200 in 942ms
 GET /api/bootstrap/summary 200 in 735ms
 GET /api/auth/session 200 in 43ms
 GET /api/bootstrap/summary 200 in 247ms
 GET /api/auth/session 200 in 115ms
 GET /api/auth/session 200 in 101ms
 GET /api/inventory/summary 200 in 1463ms
 GET /api/bootstrap/summary 200 in 1573ms
 GET /api/bootstrap/summary 200 in 1011ms
 GET /api/production/overview 200 in 1449ms
 GET /api/auth/session 200 in 99ms
 GET /api/service-orders/overview 200 in 283ms
 GET /api/bootstrap/summary 200 in 455ms
 GET /api/auth/session 200 in 88ms
 GET /api/finance/overview 200 in 477ms
 GET /api/bootstrap/summary 200 in 555ms
 GET /api/auth/session 200 in 49ms
 GET /api/bootstrap/summary 200 in 435ms
 GET /api/auth/session 200 in 48ms
 GET /api/bootstrap/summary 200 in 427ms
 GET /api/auth/session 200 in 48ms
 GET /api/bootstrap/summary 200 in 431ms
 GET /api/auth/session 200 in 120ms
 GET /api/finance/overview 200 in 493ms
 GET /api/bootstrap/summary 200 in 370ms
 GET /api/auth/session 200 in 46ms
 GET /api/bootstrap/summary 200 in 412ms
 GET /api/auth/session 200 in 64ms
 ○ Compiling /api/tenants/me ...
 ✓ Compiled /api/tenants/me in 555ms (116 modules)
 GET /api/tenants/me 200 in 994ms
 GET /api/bootstrap/summary 200 in 1122ms
 GET /api/auth/session 200 in 43ms
 GET /api/bootstrap/summary 200 in 425ms
 GET /api/auth/session 200 in 44ms
 GET /api/bootstrap/summary 200 in 241ms
 ✓ Compiled in 656ms (430 modules)
 ✓ Compiled in 190ms (328 modules)
 ✓ Compiled in 193ms (328 modules)
 ✓ Compiled in 154ms (328 modules)
 ✓ Compiled /api/auth/session in 244ms (102 modules)
 ✓ Compiled (106 modules)
 GET /api/auth/session 200 in 800ms
 GET /api/auth/session 200 in 156ms
 ✓ Compiled /api/bootstrap/summary in 98ms (108 modules)
 GET /api/finance/overview 200 in 1701ms
 GET /api/finance/overview 200 in 1037ms
 GET /api/bootstrap/summary 200 in 991ms
 GET /api/auth/session 200 in 132ms
 GET /api/finance/overview 200 in 312ms
 GET /api/bootstrap/summary 200 in 268ms
 GET /api/auth/session 200 in 56ms
 GET /api/bootstrap/summary 200 in 235ms
 GET /api/auth/session 200 in 52ms
 GET /api/bootstrap/summary 200 in 249ms
 GET /api/auth/session 200 in 50ms
 GET /api/bootstrap/summary 200 in 1610ms
 GET /api/auth/session 200 in 48ms
 GET /api/bootstrap/summary 200 in 442ms
 GET /api/auth/session 200 in 64ms
 GET /api/bootstrap/summary 200 in 873ms
 GET /api/auth/session 200 in 112ms
 ✓ Compiled /api/bootstrap/summary in 373ms (106 modules)
 ✓ Compiled (108 modules)
 GET /api/tenants/me 200 in 665ms
 GET /api/auth/session 200 in 48ms
 GET /api/bootstrap/summary 200 in 2039ms
 GET /api/bootstrap/summary 200 in 1635ms
 ✓ Compiled /api/finance/overview in 134ms (110 modules)
 GET /api/auth/session 200 in 410ms
 GET /api/finance/overview 200 in 772ms
 GET /api/bootstrap/summary 200 in 559ms
 GET /api/auth/session 200 in 86ms
 GET /api/finance/overview 200 in 467ms
 GET /api/bootstrap/summary 200 in 561ms
 GET /api/auth/session 200 in 55ms
 GET /api/bootstrap/summary 200 in 433ms
 GET /api/auth/session 200 in 53ms
 GET /api/bootstrap/summary 200 in 439ms
 GET /api/auth/session 200 in 59ms
 GET /api/bootstrap/summary 200 in 443ms
 ✓ Compiled /api/service-orders/overview in 364ms (112 modules)
 GET /api/auth/session 200 in 617ms
 GET /api/service-orders/overview 200 in 807ms
 GET /api/bootstrap/summary 200 in 255ms
 ✓ Compiled /api/production/overview in 182ms (114 modules)
 GET /api/auth/session 200 in 396ms
 GET /api/production/overview 200 in 575ms
 GET /api/bootstrap/summary 200 in 432ms
 ✓ Compiled /api/inventory/summary in 129ms (116 modules)
 GET /api/auth/session 200 in 343ms
 GET /api/inventory/summary 200 in 527ms
 GET /api/bootstrap/summary 200 in 443ms
 GET /api/auth/session 200 in 43ms
 GET /api/bootstrap/summary 200 in 436ms
 GET /api/auth/session 200 in 64ms
 GET /api/bootstrap/summary 200 in 429ms
 GET /api/auth/session 200 in 65ms
 GET /api/bootstrap/summary 200 in 1616ms
 GET /api/auth/session 200 in 59ms
 GET /api/auth/session 200 in 40ms
 GET /api/bootstrap/summary 200 in 834ms
 GET /api/auth/session 200 in 186ms
 GET /api/finance/overview 200 in 890ms
 GET /api/bootstrap/summary 200 in 723ms
 GET /api/auth/session 200 in 57ms
 GET /api/bootstrap/summary 200 in 251ms
 GET /api/auth/session 200 in 55ms
 GET /api/bootstrap/summary 200 in 251ms
 GET /api/auth/session 200 in 56ms
 GET /api/bootstrap/summary 200 in 241ms
 GET /api/auth/session 200 in 50ms
 GET /api/bootstrap/summary 200 in 248ms
 GET /api/auth/session 200 in 54ms
 GET /api/bootstrap/summary 200 in 254ms
 ✓ Compiled /api/finance/bills/[id]/payments in 484ms (323 modules)
 POST /api/finance/bills/00000000-0000-0000-0000-000000003201/payments 200 in 2417ms
 GET /api/finance/overview 200 in 893ms
 GET /api/auth/session 200 in 60ms
 GET /api/bootstrap/summary 200 in 251ms
 GET /api/auth/session 200 in 76ms
 GET /api/auth/session 200 in 45ms
 GET /api/bootstrap/summary 200 in 874ms
 GET /api/auth/session 200 in 57ms
 GET /api/bootstrap/summary 200 in 884ms
 GET /api/bootstrap/summary 200 in 254ms
 GET /api/auth/session 200 in 147ms
 GET /api/bootstrap/summary 200 in 796ms
 GET /api/finance/overview 200 in 966ms
 GET /api/auth/session 200 in 36ms
 GET /api/bootstrap/summary 200 in 853ms
 GET /api/auth/session 200 in 81ms
 ✓ Compiled /api/tenants/me in 178ms (112 modules)
 GET /api/tenants/me 200 in 493ms
 GET /api/bootstrap/summary 200 in 609ms
 GET /api/auth/session 200 in 71ms
 GET /api/bootstrap/summary 200 in 1644ms
 ✓ Compiled in 299ms (328 modules)
 ✓ Compiled /api/auth/session in 148ms (104 modules)
 GET /api/auth/session 200 in 322ms
 ○ Compiling /api/inventory/warehouses ...
 ✓ Compiled /api/inventory/warehouses in 607ms (321 modules)
 GET /api/auth/session 200 in 782ms
 ✓ Compiled /api/bootstrap/summary in 249ms (110 modules)
 GET /api/inventory/warehouses 200 in 1711ms
 GET /api/dashboard/overview 200 in 2291ms
 GET /api/bootstrap/summary 200 in 1713ms
 GET /api/auth/session 200 in 56ms
 GET /api/bootstrap/summary 200 in 443ms
 GET /api/auth/session 200 in 143ms
 GET /api/inventory/warehouses 200 in 325ms
 GET /api/dashboard/overview 200 in 513ms
 GET /api/bootstrap/summary 200 in 533ms
 GET /api/auth/session 200 in 69ms
 GET /api/bootstrap/summary 200 in 434ms
 GET /api/auth/session 200 in 139ms
 GET /api/inventory/warehouses 200 in 231ms
 GET /api/dashboard/overview 200 in 497ms
 GET /api/bootstrap/summary 200 in 527ms
 GET /api/auth/session 200 in 55ms
 GET /api/auth/session 200 in 94ms
 GET /api/dashboard/overview 200 in 1434ms
 GET /api/inventory/warehouses 200 in 1440ms
 GET /api/bootstrap/summary 200 in 1407ms
 GET /api/auth/session 200 in 108ms
 ✓ Compiled /api/bootstrap/summary in 375ms (106 modules)
 ✓ Compiled (108 modules)
 GET /api/tenants/me 200 in 668ms
 GET /api/auth/session 200 in 46ms
 GET /api/bootstrap/summary 200 in 2316ms
 GET /api/tenants/me 200 in 72ms
 GET /api/auth/session 200 in 89ms
 GET /api/bootstrap/summary 200 in 432ms
 GET /api/bootstrap/summary 200 in 1669ms
 GET /api/auth/session 200 in 42ms
 GET /api/bootstrap/summary 200 in 447ms
 GET /api/auth/session 200 in 48ms
 GET /api/bootstrap/summary 200 in 441ms
 GET /api/auth/session 200 in 53ms
 GET /api/auth/session 200 in 48ms
 GET /api/bootstrap/summary 200 in 1598ms
 ✓ Compiled /api/inventory/warehouses in 145ms (108 modules)
 ✓ Compiled (110 modules)
 GET /api/auth/session 200 in 524ms
 GET /api/auth/session 200 in 41ms
 GET /api/bootstrap/summary 200 in 806ms
 GET /api/inventory/warehouses 200 in 1342ms
 GET /api/dashboard/overview 200 in 1343ms
 GET /api/auth/session 200 in 108ms
 GET /api/inventory/warehouses 200 in 302ms
 GET /api/dashboard/overview 200 in 501ms
 GET /api/bootstrap/summary 200 in 560ms
 GET /api/auth/session 200 in 47ms
 GET /api/auth/session 200 in 215ms
 GET /api/inventory/warehouses 200 in 384ms
 GET /api/dashboard/overview 200 in 529ms
 GET /api/bootstrap/summary 200 in 490ms
 ✓ Compiled /api/production/overview in 164ms (112 modules)
 GET /api/auth/session 200 in 451ms
 GET /api/production/overview 200 in 637ms
 GET /api/bootstrap/summary 200 in 437ms
 ✓ Compiled /api/inventory/summary in 205ms (114 modules)
 GET /api/auth/session 200 in 458ms
 GET /api/inventory/summary 200 in 649ms
 GET /api/auth/session 200 in 224ms
 GET /api/bootstrap/summary 200 in 510ms
 GET /api/production/overview 200 in 428ms
 GET /api/bootstrap/summary 200 in 460ms
 GET /api/auth/session 200 in 116ms
 GET /api/inventory/summary 200 in 289ms
 GET /api/bootstrap/summary 200 in 435ms
 GET /api/auth/session 200 in 90ms
 GET /api/production/overview 200 in 270ms
 GET /api/bootstrap/summary 200 in 438ms
 GET /api/auth/session 200 in 116ms
 GET /api/inventory/summary 200 in 303ms
 GET /api/bootstrap/summary 200 in 431ms
 GET /api/auth/session 200 in 96ms
 GET /api/production/overview 200 in 271ms
 GET /api/bootstrap/summary 200 in 428ms
 GET /api/auth/session 200 in 108ms
 GET /api/inventory/summary 200 in 292ms
 GET /api/bootstrap/summary 200 in 433ms
 GET /api/auth/session 200 in 103ms
 GET /api/production/overview 200 in 285ms
 GET /api/bootstrap/summary 200 in 423ms
 GET /api/auth/session 200 in 88ms
 GET /api/inventory/summary 200 in 288ms
 GET /api/bootstrap/summary 200 in 424ms
 GET /api/auth/session 200 in 54ms
 GET /api/bootstrap/summary 200 in 441ms
 GET /api/auth/session 200 in 128ms
 GET /api/inventory/warehouses 200 in 325ms
 GET /api/dashboard/overview 200 in 504ms
 GET /api/bootstrap/summary 200 in 1409ms
 GET /api/auth/session 200 in 96ms
 GET /api/inventory/summary 200 in 279ms
 GET /api/bootstrap/summary 200 in 441ms
 GET /api/auth/session 200 in 113ms
 GET /api/inventory/warehouses 200 in 304ms
 GET /api/dashboard/overview 200 in 506ms
 GET /api/bootstrap/summary 200 in 550ms
 GET /api/auth/session 200 in 78ms
 GET /api/bootstrap/summary 200 in 824ms
 GET /api/auth/session 200 in 55ms
 GET /api/bootstrap/summary 200 in 228ms
 GET /api/auth/session 200 in 153ms
 GET /api/dashboard/overview 200 in 809ms
 GET /api/inventory/warehouses 200 in 815ms
 GET /api/bootstrap/summary 200 in 829ms
 GET /api/auth/session 200 in 52ms
 GET /api/bootstrap/summary 200 in 244ms
 GET /api/auth/session 200 in 123ms
 GET /api/inventory/warehouses 200 in 210ms
 GET /api/dashboard/overview 200 in 299ms
 GET /api/bootstrap/summary 200 in 255ms
 GET /api/auth/session 200 in 152ms
 GET /api/bootstrap/summary 200 in 318ms
 GET /api/auth/session 200 in 210ms
 GET /api/inventory/warehouses 200 in 291ms
 GET /api/dashboard/overview 200 in 371ms
 GET /api/bootstrap/summary 200 in 378ms
 GET /api/auth/session 200 in 100ms
 GET /api/inventory/summary 200 in 186ms
 GET /api/bootstrap/summary 200 in 237ms
 GET /api/auth/session 200 in 91ms
 GET /api/production/overview 200 in 172ms
 GET /api/bootstrap/summary 200 in 246ms
 ✓ Compiled /api/service-orders/overview in 380ms (116 modules)
 GET /api/auth/session 200 in 703ms
 GET /api/service-orders/overview 200 in 789ms
 GET /api/bootstrap/summary 200 in 239ms
 ✓ Compiled /api/finance/overview in 312ms (118 modules)
 GET /api/auth/session 200 in 620ms
 GET /api/finance/overview 200 in 812ms
 GET /api/bootstrap/summary 200 in 706ms
 GET /api/auth/session 200 in 38ms
 GET /api/bootstrap/summary 200 in 228ms
 GET /api/auth/session 200 in 39ms
 GET /api/bootstrap/summary 200 in 221ms
 GET /api/auth/session 200 in 36ms
 GET /api/bootstrap/summary 200 in 224ms
 GET /api/auth/session 200 in 43ms
 GET /api/bootstrap/summary 200 in 229ms
 GET /api/auth/session 200 in 44ms
 GET /api/bootstrap/summary 200 in 230ms
 ✓ Compiled in 629ms (328 modules)
 ✓ Compiled /api/auth/session in 85ms (102 modules)
 ✓ Compiled (108 modules)
 GET /api/auth/session 200 in 351ms
 ✓ Compiled /api/bootstrap/summary in 99ms (110 modules)
 GET /api/bootstrap/summary 200 in 881ms
 GET /api/inventory/warehouses 200 in 1679ms
 GET /api/dashboard/overview 200 in 1870ms
 ✓ Compiled in 195ms (438 modules)
 ✓ Compiled /api/auth/session in 84ms (102 modules)
 ✓ Compiled (106 modules)
 GET /api/auth/session 200 in 328ms
 ✓ Compiled /api/bootstrap/summary in 99ms (108 modules)
 GET /api/finance/overview 200 in 1177ms
 GET /api/bootstrap/summary 200 in 930ms
 ✓ Compiled /api/inventory/warehouses in 251ms (110 modules)
 ✓ Compiled (112 modules)
 GET /api/auth/session 200 in 641ms
 GET /api/inventory/warehouses 200 in 729ms
 GET /api/dashboard/overview 200 in 833ms
 GET /api/bootstrap/summary 200 in 258ms
 GET /api/auth/session 200 in 80ms
 GET /api/bootstrap/summary 200 in 1615ms
 GET /api/auth/session 200 in 59ms
 GET /api/bootstrap/summary 200 in 1592ms
 ✓ Compiled /api/tenants/me in 149ms (108 modules)
 GET /api/tenants/me 200 in 491ms
 GET /api/auth/session 200 in 493ms
 GET /api/bootstrap/summary 200 in 1612ms
 GET /api/auth/session 200 in 46ms
 GET /api/bootstrap/summary 200 in 421ms
 ✓ Compiled /api/finance/overview in 126ms (110 modules)
 GET /api/auth/session 200 in 369ms
 GET /api/auth/session 200 in 85ms
 GET /api/finance/overview 200 in 835ms
 GET /api/bootstrap/summary 200 in 1406ms
 GET /api/bootstrap/summary 200 in 1005ms
 GET /api/auth/session 200 in 54ms
 GET /api/finance/overview 200 in 2031ms
 GET /api/bootstrap/summary 200 in 428ms
 GET /api/auth/session 200 in 57ms
 GET /api/bootstrap/summary 200 in 437ms
 GET /api/auth/session 200 in 88ms
 GET /api/auth/session 200 in 123ms
 ✓ Compiled /api/inventory/warehouses in 293ms (110 modules)
 ✓ Compiled (112 modules)
 GET /api/auth/session 200 in 588ms
 GET /api/finance/overview 200 in 1666ms
 GET /api/bootstrap/summary 200 in 1722ms
 GET /api/inventory/warehouses 200 in 1004ms
 GET /api/dashboard/overview 200 in 1025ms
 GET /api/bootstrap/summary 200 in 752ms
 GET /api/auth/session 200 in 54ms
 GET /api/bootstrap/summary 200 in 442ms
 ✓ Compiled /api/inventory/summary in 176ms (114 modules)
 GET /api/auth/session 200 in 448ms
 GET /api/inventory/summary 200 in 627ms
 ✓ Compiled /api/production/overview in 146ms (116 modules)
 GET /api/auth/session 200 in 353ms
 GET /api/production/overview 200 in 535ms
 GET /api/bootstrap/summary 200 in 1579ms
 ✓ Compiled /api/service-orders/overview in 334ms (118 modules)
 GET /api/auth/session 200 in 596ms
 GET /api/bootstrap/summary 200 in 1459ms
 GET /api/service-orders/overview 200 in 777ms
 GET /api/bootstrap/summary 200 in 440ms
 GET /api/auth/session 200 in 114ms
 GET /api/finance/overview 200 in 522ms
 GET /api/bootstrap/summary 200 in 568ms
 GET /api/auth/session 200 in 61ms
 GET /api/bootstrap/summary 200 in 456ms
 GET /api/auth/session 200 in 60ms
 GET /api/bootstrap/summary 200 in 443ms
 ✓ Compiled in 300ms (118 modules)
 GET /api/auth/session 200 in 113ms
 GET /api/bootstrap/summary 200 in 473ms
 GET /api/auth/session 200 in 80ms
 GET /api/service-orders/overview 200 in 265ms
 GET /api/bootstrap/summary 200 in 417ms
 GET /api/auth/session 200 in 125ms
 GET /api/finance/overview 200 in 499ms
 GET /api/bootstrap/summary 200 in 554ms
 GET /api/auth/session 200 in 85ms
 GET /api/service-orders/overview 200 in 265ms
 GET /api/bootstrap/summary 200 in 431ms
 GET /api/auth/session 200 in 251ms
 GET /api/finance/overview 200 in 555ms
 GET /api/bootstrap/summary 200 in 477ms
 GET /api/auth/session 200 in 113ms
 GET /api/service-orders/overview 200 in 293ms
 GET /api/bootstrap/summary 200 in 431ms
 GET /api/auth/session 429 in 116ms
 GET /api/auth/session 401 in 32ms
 GET /api/finance/overview 429 in 482ms
 ✓ Compiled /api/auth/login/password in 362ms (104 modules)
 POST /api/auth/login/password 200 in 2071ms
 ✓ Compiled /api/auth/session in 83ms (106 modules)
 GET /api/auth/session 401 in 197ms
 ✓ Compiled /api/auth/otp/verify in 115ms (108 modules)
 POST /api/auth/otp/verify 200 in 1396ms
 ✓ Compiled /api/inventory/warehouses in 235ms (110 modules)
 ✓ Compiled (112 modules)
 GET /api/auth/session 200 in 702ms
 ✓ Compiled /api/bootstrap/summary in 289ms (114 modules)
 GET /api/inventory/warehouses 200 in 2054ms
 GET /api/dashboard/overview 200 in 2095ms
 GET /api/bootstrap/summary 200 in 1734ms
 GET /api/auth/session 200 in 124ms
 GET /api/dashboard/overview 200 in 511ms
 GET /api/bootstrap/summary 200 in 554ms
 GET /api/auth/session 200 in 114ms
 GET /api/inventory/warehouses 200 in 313ms
 GET /api/dashboard/overview 200 in 493ms
 GET /api/bootstrap/summary 200 in 533ms
 GET /api/auth/session 200 in 50ms
 GET /api/bootstrap/summary 200 in 433ms
 ✓ Compiled /api/inventory/summary in 207ms (116 modules)
 GET /api/auth/session 200 in 615ms
 GET /api/inventory/summary 200 in 794ms
 GET /api/bootstrap/summary 200 in 444ms
 ✓ Compiled /api/production/overview in 145ms (118 modules)
 GET /api/auth/session 200 in 377ms
 GET /api/production/overview 200 in 558ms
 GET /api/bootstrap/summary 200 in 430ms
 ✓ Compiled /api/service-orders/overview in 194ms (120 modules)
 GET /api/auth/session 200 in 476ms
 GET /api/service-orders/overview 200 in 673ms
 GET /api/bootstrap/summary 200 in 450ms
 ✓ Compiled /api/finance/overview in 329ms (122 modules)
 GET /api/auth/session 200 in 610ms
 GET /api/finance/overview 200 in 984ms
 GET /api/bootstrap/summary 200 in 554ms
 GET /api/auth/session 200 in 56ms
 GET /api/bootstrap/summary 200 in 432ms
 GET /api/auth/session 200 in 48ms
 GET /api/bootstrap/summary 200 in 412ms
 GET /api/auth/session 200 in 49ms
 GET /api/bootstrap/summary 200 in 441ms
 GET /api/auth/session 200 in 136ms
 GET /api/bootstrap/summary 200 in 750ms
 GET /api/finance/overview 200 in 915ms
 GET /api/auth/session 200 in 83ms
 GET /api/bootstrap/summary 200 in 363ms
 GET /api/finance/overview 200 in 463ms
 GET /api/auth/session 200 in 125ms
 GET /api/auth/session 429 in 133ms
 GET /api/auth/session 401 in 52ms
 GET /api/finance/overview 200 in 1745ms
 GET /api/bootstrap/summary 200 in 1735ms
 GET /api/dashboard/overview 429 in 1126ms
 ✓ Compiled in 371ms (115 modules)
 GET /api/auth/session 401 in 85ms
 POST /api/auth/login/password 200 in 962ms
 GET /api/auth/session 401 in 46ms
 POST /api/auth/otp/verify 200 in 686ms
 GET /api/auth/session 200 in 223ms
 GET /api/inventory/warehouses 200 in 1059ms
 GET /api/bootstrap/summary 200 in 893ms
 GET /api/dashboard/overview 200 in 1167ms
 GET /api/auth/session 200 in 101ms
 GET /api/finance/overview 200 in 298ms
 GET /api/bootstrap/summary 200 in 276ms
 GET /api/auth/session 200 in 117ms
 GET /api/finance/overview 200 in 305ms
 GET /api/bootstrap/summary 200 in 296ms
 GET /api/auth/session 200 in 101ms
 GET /api/finance/overview 200 in 301ms
 GET /api/bootstrap/summary 200 in 277ms
 GET /api/auth/session 200 in 91ms
 GET /api/finance/overview 200 in 297ms
 GET /api/bootstrap/summary 200 in 275ms
 GET /api/auth/session 200 in 117ms
 GET /api/finance/overview 200 in 326ms
 GET /api/bootstrap/summary 200 in 275ms
 GET /api/auth/session 200 in 136ms
 GET /api/bootstrap/summary 200 in 1365ms
 GET /api/dashboard/overview 200 in 1665ms
 GET /api/auth/session 200 in 56ms
 GET /api/bootstrap/summary 200 in 2946ms
 GET /api/auth/session 200 in 57ms
 GET /api/bootstrap/summary 200 in 864ms
 ✓ Compiled /api/tenants/me in 197ms (110 modules)
 GET /api/tenants/me 200 in 467ms
 GET /api/auth/session 200 in 466ms
 GET /api/bootstrap/summary 200 in 845ms
 ✓ Compiled /api/inventory/warehouses in 204ms (112 modules)
 GET /api/auth/session 200 in 600ms
 GET /api/auth/session 200 in 74ms
 GET /api/inventory/warehouses 200 in 747ms
 GET /api/dashboard/overview 200 in 832ms
 GET /api/bootstrap/summary 200 in 251ms
 ✓ Compiled /api/inventory/summary in 286ms (114 modules)
 GET /api/auth/session 200 in 630ms
 GET /api/inventory/summary 200 in 709ms
 ✓ Compiled /api/production/overview in 236ms (116 modules)
 GET /api/auth/session 200 in 509ms
 GET /api/bootstrap/summary 200 in 808ms
 GET /api/production/overview 200 in 593ms
 GET /api/bootstrap/summary 200 in 262ms
 ✓ Compiled /api/service-orders/overview in 181ms (118 modules)
 GET /api/auth/session 200 in 436ms
 GET /api/service-orders/overview 200 in 539ms
 GET /api/bootstrap/summary 200 in 241ms
 ✓ Compiled /api/finance/overview in 184ms (120 modules)
 GET /api/auth/session 200 in 587ms
 GET /api/finance/overview 200 in 782ms
 GET /api/auth/session 200 in 40ms
 GET /api/bootstrap/summary 200 in 814ms
 GET /api/bootstrap/summary 200 in 223ms
 GET /api/auth/session 200 in 44ms
 GET /api/bootstrap/summary 200 in 236ms
 GET /api/auth/session 200 in 42ms
 GET /api/bootstrap/summary 200 in 246ms
 GET /api/auth/session 200 in 110ms
 GET /api/finance/overview 200 in 306ms
 GET /api/bootstrap/summary 200 in 271ms
 GET /api/auth/session 200 in 116ms
 GET /api/dashboard/overview 200 in 314ms
 GET /api/bootstrap/summary 200 in 269ms
 GET /api/auth/session 200 in 90ms
 GET /api/tenants/me 200 in 109ms
 GET /api/bootstrap/summary 200 in 254ms
 GET /api/auth/session 200 in 69ms
 GET /api/bootstrap/summary 200 in 252ms
 ✓ Compiled /api/auth/logout in 408ms (122 modules)
 POST /api/auth/logout 200 in 746ms
 GET /api/auth/session 401 in 40ms
 ✓ Compiled /api/auth/login/password in 438ms (124 modules)
 POST /api/auth/login/password 401 in 1881ms
 POST /api/auth/login/password 200 in 475ms
 GET /api/auth/session 401 in 56ms
 ✓ Compiled /api/auth/otp/verify in 216ms (124 modules)
 POST /api/auth/otp/verify 200 in 1446ms
 ○ Compiling /api/bank/portfolio/alerts ...
 ✓ Compiled /api/bank/portfolio/alerts in 803ms (343 modules)
 GET /api/auth/session 200 in 928ms
 GET /api/bootstrap/summary 400 in 56ms
 GET /api/bank/portfolio 200 in 1103ms
 GET /api/bank/portfolio/analytics 200 in 2268ms
 GET /api/bank/portfolio/alerts 200 in 2303ms
 GET /api/auth/session 200 in 100ms
 GET /api/bootstrap/summary 400 in 61ms
 GET /api/bank/portfolio/alerts 200 in 292ms
 GET /api/auth/session 200 in 105ms
 GET /api/bootstrap/summary 400 in 56ms
 GET /api/bank/portfolio 200 in 282ms
 GET /api/auth/session 200 in 245ms
 GET /api/bootstrap/summary 400 in 88ms
 GET /api/bank/portfolio 200 in 376ms
 GET /api/bank/portfolio/analytics 200 in 1479ms
 ○ Compiling /api/bank/credit-queue ...
 ✓ Compiled /api/bank/credit-queue in 776ms (337 modules)
 GET /api/auth/session 200 in 920ms
 GET /api/bootstrap/summary 400 in 57ms
 GET /api/bank/credit-queue 200 in 1012ms
 ✓ Compiled /api/bank/credit-queue/[id] in 346ms (339 modules)
 GET /api/auth/session 200 in 120ms
 GET /api/bootstrap/summary 400 in 61ms
 GET /api/bank/portfolio/alerts 200 in 295ms
 GET /api/bank/credit-queue/00000000-0000-0000-0000-000000000602 200 in 2744ms
 ✓ Compiled /api/finance/overview in 385ms (128 modules)
 GET /api/finance/overview 403 in 843ms
 GET /api/auth/session 200 in 847ms
 GET /api/bootstrap/summary 400 in 56ms
 ✓ Compiled /api/auth/staff in 401ms (124 modules)
 GET /api/auth/staff 403 in 696ms
 GET /api/auth/session 200 in 697ms
 GET /api/bootstrap/summary 400 in 55ms
 ✓ Compiled /api/auth/security in 463ms (126 modules)
 GET /api/auth/security 401 in 808ms
 GET /api/auth/session 200 in 810ms
 GET /api/bootstrap/summary 400 in 49ms
 ✓ Compiled /api/audit/events in 494ms (128 modules)
 GET /api/audit/events 200 in 833ms
 GET /api/auth/session 200 in 847ms
 GET /api/bootstrap/summary 400 in 52ms
 ○ Compiling /api/auth/logout ...
 ✓ Compiled /api/auth/logout in 542ms (126 modules)
 POST /api/auth/logout 200 in 2509ms
 GET /api/auth/session 401 in 55ms
 POST /api/auth/logout 200 in 1625ms
 ✓ Compiled /api/auth/login/password in 289ms (124 modules)
 POST /api/auth/login/password 200 in 2256ms
 GET /api/auth/security 401 in 73ms
 GET /api/auth/session 200 in 88ms
 GET /api/bootstrap/summary 400 in 56ms
 GET /api/auth/session 200 in 110ms
 GET /api/bootstrap/summary 400 in 52ms
 GET /api/auth/staff 200 in 297ms
 GET /api/bank/credit-queue 403 in 105ms
 GET /api/auth/session 200 in 121ms
 GET /api/bootstrap/summary 400 in 51ms
 GET /api/auth/session 200 in 125ms
 GET /api/bootstrap/summary 400 in 80ms
 GET /api/bank/portfolio/alerts 200 in 1455ms
 ✓ Compiled /api/bank/portfolio/analytics in 333ms (120 modules)
 ✓ Compiled (122 modules)
 GET /api/auth/session 200 in 767ms
 GET /api/bootstrap/summary 400 in 42ms
 GET /api/bank/portfolio 200 in 945ms
 GET /api/bank/portfolio/analytics 200 in 2095ms
 ✓ Compiled /api/audit/events in 251ms (124 modules)
 GET /api/audit/events 200 in 555ms
 GET /api/auth/session 200 in 554ms
 GET /api/bootstrap/summary 400 in 54ms
 ✓ Compiled in 2.4s (342 modules)
 ✓ Compiled in 320ms (328 modules)
 ✓ Compiled in 162ms (328 modules)
 ✓ Compiled in 146ms (328 modules)
 ✓ Compiled in 149ms (328 modules)
 ✓ Compiled in 128ms (328 modules)
 ✓ Compiled in 172ms (328 modules)
npm error Lifecycle script `dev` failed with error:
npm error code 4294967295
npm error path C:\Users\uvays\Desktop\SMB-ERP-platform\apps\company-portal
npm error workspace @sqb/company-portal@0.1.0
npm error location C:\Users\uvays\Desktop\SMB-ERP-platform\apps\company-portal
npm error command failed
npm error command C:\WINDOWS\system32\cmd.exe /d /s /c next dev -p 3000
